<?xml version="1.0" encoding="UTF-8"?>
<testng-results ignored="0" total="1" passed="1" failed="0" skipped="0">
  <reporter-output>
  </reporter-output>
  <suite started-at="2026-02-20T12:27:07 IST" name="Default suite" finished-at="2026-02-20T12:27:25 IST" duration-ms="18071">
    <groups>
    </groups>
    <test started-at="2026-02-20T12:27:07 IST" name="Default test" finished-at="2026-02-20T12:27:25 IST" duration-ms="18071">
      <class name="com.qa.rest.tests1.Post_Request">
        <test-method is-config="true" signature="setup()[pri:0, instance:com.qa.rest.tests1.Post_Request@3370f42]" started-at="2026-02-20T12:27:07 IST" name="setup" finished-at="2026-02-20T12:27:16 IST" duration-ms="9621" status="PASS">
          <reporter-output>
          </reporter-output>
        </test-method> <!-- setup -->
        <test-method signature="testCreateUser()[pri:0, instance:com.qa.rest.tests1.Post_Request@3370f42]" started-at="2026-02-20T12:27:16 IST" name="testCreateUser" finished-at="2026-02-20T12:27:25 IST" duration-ms="8308" status="PASS">
          <reporter-output>
          </reporter-output>
        </test-method> <!-- testCreateUser -->
      </class> <!-- com.qa.rest.tests1.Post_Request -->
    </test> <!-- Default test -->
  </suite> <!-- Default suite -->
</testng-results>
